#格式
*日期
	* xxxxxxx
	* yyyyyyy
	* zzzzzzz

* 2018-05-07
    * 创建家族需要1000钻
    * 添加地区屏蔽

* 2018-04-27
    * 送礼物接口优化

* 2018-04-26
    * 控制靓号注册
    * 公众号添加声鉴
    * 添加第三方登录后台

* 2018-04-25
    * 软件强制升级限制版本号

* 2018-04-24
	* 声鉴功能
	* 创建家族所需金额改为10000钻
	* 游戏功能上线

* 2018-04-23
	* 新增社会我hi音活动
	* 梦幻周榜活动展示结果
	* 提现金额限制最大20000

* 2018-04-20
    * 行者天下推广对接
    * 房间添加活动banner
    * 推广渠道添加扣量

* 2018-04-14
    * 添加银行卡方式提现
    * 优化家族退出功能
    * 优化长连接通信

* 2018-04-12
    * 礼物统计

* 2018-04-11
    * Hi币兑换钻石更换为30起步
    * 优化用户房间内踢出用户逻辑

* 2018-05-08
    * 分销系统

* 2018-05-09
    * 新增麦霸活动
    * 分销邀请奖励改为10钻



