狂恋HlPHOP
p!nk
Tan.>der
Nuisance
1OO種·LiKE
PinK·臉
Birty
Suave
Adam&仙女
favor
软killer
Crazy萌杀
Mockingjay
绿里尐女
handsome欲
野莓Marry
Chubby
25hours
迷人的Smile
Rude Boy
Go with me
Lick：me
Giant+
Moppet
Proditio
可乐kiss
Lonely tears
Haggard
Cute/Mm
C-arnalism
Drag∷Racing
deception
rock/+Girl<
$exy|Girl
Lucky One
晴初- moment°
luck one
Birdy-sea
By My Side
BIG MAN
閁电flicker
NoSongToSing
BoyMeetsGirl
Big Boss
less kiss
Wild Boy
Frankenstein
Gourmand
Les yeux
Little angel
initial
autistic
Admit
cute100%
ICE:cold
SKULL\\>
BITE/ME
RE:fuse
ONE:SHOT
Saimoe
forerunner
Damn couples
ン゛GangSter
Abyss
Excess
INjure
