听门外雪花风
临风不自傲
难遇难求
伴风望海
皆是孤独
十年饮冰
欲望失宠
溺爱和你
人傍凄凉立暮秋
杀手的诗
了了无期
星軌x
末路433里
捧腹剧
戎马万世
書生途
城市野鹿
树红树绿
無理詩人
暗中人
半生酒醒
遮云壑
杀生予夺
遁入空寂
眉目添风霜
佞臣
战皆罪
献世佛
欲劫无渡
山高云阔
饥饿走向夜
鼻尖触碰
几叶到寒
謫仙
川水往事
孤凫
贪了杯
风月客
人生佛魔见
两耳就是菩提
孤山下
趣果有间
送舟行
浪荡绅士
缘字诀
鸠书
山有枢
有你哪都是故乡
舍身薄凉客
轻熟杀无赦
玩世
1908有·轨·电·车||
狂恋HlPHOP
街头Punk
忘川·信使
千杯敬自由
枭雄戏美人
行雁书
酒安江南
我住北渡口
胯下狙击手
拜訪者ID
轮獄道
荒◎野◎風
Tan.>der
と人類模型
神鬼未生
笑迎怀羞
举杯邀酒敬孤独
天凉才是好个秋
西岸风
行路难
罪歌
摆渡翁
零点过十分
第四晚心情
逐風
你可爱的野爹
1OO種·LiKE
一秋
躲不过心动
往事隔山水
动情书生
掌灯师
不甚了了
鱼忧
夜余生
佘樂
低音帝王
北城痞子
野味小生
执傲
煞尾
蕴藏春秋
猎心人
梦中风几里
风格不统一
神的生死簿
雪起风沙痕
末日狂欢
玩家L-
慢性怪人
几近狂妄
野慌
一叶十三刺
往事埋风中
一袍清酒付
第幾種人
怙棘
酒醒三更
七十二街
未来江山和你
低血压的长颈鹿●rz
从此江山别
纵马山川剑自提
十年萤火照君眠
琴狂剑也妄
渊鱼
白昼之月
思契十里
雾月
山君与见山
污到你湿
人间朝暮
骨子里都是戏
不想翻身的咸鱼
十鸦
青尢
一把行者刀
痴妹与他
空山清雨
孤独的牧羊人
孤独入客枕
愁杀梦里人
妄饮晩冬酒
上分大魔王
冷風如刀
神也偏爱
長槍戰八方
刀戟声无边
逃夭
爱难随人意
独行浪子会拥风
渡鹤影
洒脱_疯子
傲气稳了全场
走死在岁月里
撞了怀
鱼芗
像个废品
詩光轨車
醉吻情书
你哪知我潦倒为你
患得患失的劫
由着我着迷
孤老序
山河有幸埋战骨
等灯
三千妖杀
话散在刀尖上
归鹤鸣
怀裏藏嬌
长青诗
时间的尘埃
春色三分
鸽屿
英雄的欲望
独钓一江月
青灯有味
深街酒徒
底特律间谍
Suave
拾荒鲤
轻雾山林
夜风逐马
迷人又混蛋
千夜
不如潦草
洎扰の庸人
舊物识亽
西风乍起
平生事
何以畏孤独
持酒劝斜阳
酒者煙囻
想偏头吻你
迟山
旧脸谱
过活
北方的南先生
杯酒困英雄
封刀令
廢物販賣機
富士山上尢
命硬∫欠浪
撩梦首席官ㄨ
虫彼得
抓住努力的尾巴
雨安
⌒吧唧一口え宝妞(>▽<)
卿绡
D+調+曲+
吃干抹净尒
猛|風|勁|走|
颇倔
泸沽烟水里的过客
吾且作远来客
背叛者の眼睛
门前流水尚能西
゛不吃猫的鱼
自轻舟去
南桥几经秋
方且
少见钟情人
诤友
思慾難平
﹌傲骨啸如虎
辨善恶无常
刀下论成败
梦奴
一个人的青春战役
酷性泛滥
一百分情人
○罙海yυ不怕黑
逆风撩恶鬼
捅万刀
孚鲸
叫烏鸦的少年
人间风雪客
桀骜过分
枪嘣狗友
十八闲客
深夜与鬼
玫瑰少年在旅行
饮尽盏中余温
十四次野戰
深:度:袭:击:
黒车载一程
木白
野生超人
温柔尝尽了吗
酒颂
冷脾气
杀戮浪者
打野网操
独听寒山夜半钟
萬物不相爭
折木
八十万禁片总教头
卮留
哑巴说爱
剧烈失控
徒有野心勃勃
廢惣才张揚
往θ情怀喂了狗
远镇
荒人说梦
稳場枪手·●
老街孤人
梀馬収刀
獄門ヾ戰
羞【∏】涩
丧逼
蜀三川
聊慰
随性随风
撩心惯犯
提刀为你斩天下
春风正得意
朮生
◆…⊙
野獸難溫情ぺ
和自甴很熟
光年爱人
書生敬亭山
雲胡不喜
倥絔
不俗即仙骨
傲似你野爹
下马问前程
人世多愁
禾厶 谷欠
ご狂饮风中血
野性~失格
南戈
乏味色情
安若浅溪
装睡的鹿先生
ψ`战意如潮
19號收信人
無極卍盜
朝槿温雾
酒废
丢猫少年
路弥
酷少年
青烟小生
独行千万里
有了你梦想就会实现
沧桑稚子
帅冕
自由｀彡分情
网白
鸠魁
山川湖海
逐鹿
大大的人类
春梦与艳遇
半生战骨
明月清风
忽如远行客
恶魔`造梦者
撸串青年
云柯
且将青衫换酒
我打江南走过
ミ情場老戲傦
城南诗客
池木
理想情人
九级浪~
う地狱审核官
鸩远一方
迟夏饮冰
牵着蜗牛去旅行
白话情人
山河望远
走路带风的帅界扛把子
不成魔不快活`Ψ
奢欲
來時白衫
征骨岁月
又怨
笙痞
秋凉瑾言
不浪费时光
帝王念
温折酒
缠绵热浪
獨行蒗子會擁風
温山软水
绅刃
ぃ杀死青年计划
纵性
酒意入桃枝
嘶喑甜言
善惡難辨
战场英雄袍
比忠
闲懒诗人
醉南桥
诗的颈窝
痴意少年
何人一笑
稳握江山权
白衣酒客
蒗幽
單刀血杀
南简
如癡如狂ご
世间万物明澈见底
冷月长空
小骨傲
风浒涟漪
滚刀废物
此生杀伐
酒醒梦迟
遙遙無遠方
风急风也清
偶尔平凡
方天画戟手中拿ζ
邶谌
实干型野心家
困倦里说爱
独遇不与
负剑遠行游
一镜
俛就
敗者王战
听风细雨
远方有我
青冢暮
细呷温酒
ぐ温柔行凶者
树雾
晚鲸
无上限宠你
择以年
君未叹沉香
帝王不怀旧
枕边旧宠
素酒青衣贤
自捅千刀:)
感谢毁我熱情
七分冷酷
長野
不薈彈琹的詩仒
风与尘的誓约
天幕流光-
日青良月
西班牙|狂人
风乎舞雩
巧了我就是酷メ
哈努卡前的犹太人
帅届扛把子
执伞者
长虹饮涧
发条怪~ぐ
陈情词不达
藏清欢
春２虫﹊
而川
撩爆你的少女心
℅`友人不叛
孤僻似困兽
朂酷⑶suι半
缺點诗意
≮孤僻者的高冷方式≯
鬼守尸
痞唇
劫外身
钟晚
故侍
官方爸爸
清心醉人
口味情话
酷到失控
ぐ懵懂少年恋go
閑人到人间
恶女通杀
爱玩ι之徒
穿过世界去爱你
清醒是犯规
逢仒三分笑
提笔冩未來
执刀手
战场将军さ
寄往329号的信
走召惡野侽子λ
毕竟我是一俗人i
阿富帅
朱颜白骨
打傘潞亽
拔刀总裁
情感走音
猫爷
不万能喜感剧
我本凡尘
南溟大人
青衫人未还
浪胚
孤街酒客
平生欢
強迫癥動物園長
ぃ大雪满弖刀
釜山行赱的尸
寒塘冷月
朻安
帝王抚佳人
近臾
潦亱擺渡亽
哇塞我得了帅癌
限时拥抱`
明净日夜
西門不庆
寂星
非神勿妖
惘说
美男兮
落花酿酒
情场‵掌控员′
山行泛舟游
拂袖君子
傲世万物
揚鞭筞野馬
烈性枭雄
背着獵人的火枪
浮浪人
风软一江水
简遇而安
里予占戈
仗剑放光芒
十八里街禁
且行且安
喵锅先森
电竞书生
初雪未霁
心稳路正精彩
帅酷并肩
壹惗両三哖
安稳不如野
清遠┊眉目
多心病患
燈塔放暎員╃
半岛落枫
海夕
潇洒无牽挂
吃梦のふ兽
至此不谈风月
南续
南北说
把心熬成铁
木落
切尸红人魔
怀中的垂耳兔和你
久隐师
岛徒
半枫
|梦遇旧她|
A心在遠方^
糖豆青年丬
孤傲怪亽
孤刃野爹
狂野夜晚
快乐和你是等量
白况
惡女嗵殺
原味爱人
清酒烈歌
朝雾初升
烈酒孤饮
酒醉人不归
執剑穿越人潮
梦她梦三年
终究是客
抚平余生
清引
诗酒露华浓
很酷不撩妹
很酷的殺手
逗比升级成逗神:ぼ
马蹄声踏江山
眸中客
孤人自嘲
梦一场荒唐
你可爱的爹
歌散酒初醒
雾里有江馆
Σ虚儗治療師`
我也曾跨东风騎白马
世外的远方
噬梦罪犯
﹄米⒍的巨亽
帅到宇宙无边界
ㄟ`保护我方安琪拉
耽于美色
风渺
应届爱神
骤雨初歇
江南过客
我酷你随意
∫*撩妹总指挥
风蛊
敗給孤獨
死在新鲜感
风流物
丹青点墨
·°哽咽直播
當妳的杀手ゅ
久戦帝王
情场智障ζ-ω-
乜一
独行者自陶醉
青青草原杠把子
赕酒無蛮勁
寄遠方詩信λ
晚雾
并安
妥协寂寞
理想七旬
Mockingjay
成熟性猎杀
ゾ刂囗终流蒗
述情
王位之上
食惡鲨
拾光夜猫
气场两米八
遠赱┈肆方
拥野
清酒无隐
情歌绕耳
做啡
绿里尐女
久而旧知
江山赏玩笑
王者＊杀欲起
獵杀浪人
dυΘ情畫家↘
几钵
冷面微笑﹋
妄友记
ぺ書冩時光
战骨踏为尘メ
痴魂
凌晨六点路亽Δ
￠～高扌话不dμō
纯乏
恣意踏江山
風流無止休
亽野灬性zι浪
社会硬茬子’
遠客歸心
俗世情牵绊
°·月亱相携
给我一秒毁坏世界
ぺ寂寞的小兵
造梦怪咖丶o
玍銹的英雄夢
江湖梦告吹
文笔书生
了與丗事
一身撩妹味
临淵不羡鱼
訆烏鴉の尐年ㄣ
ー把江湖刀
第一眼带感-
骓一野马
热吻不做爱人
┆文藝亽販子┆
依旧明净
~只αι亽潮
沐白
摸黑一吻シ
岁月悠悠长
Σ、兔耳男神
ぐ撩мèι大扌子
漠望
隐退的王
難有歸宿
江心薄雾起
痞子夺位
青衣醉酒
寄认
妄共一生
扛刀走情场
冂马
阳光老猫
尒可爱の爹
风潮涌
虞州一書泩
扛着墓碑的鬼
可能是因為^帥
寺瞳
污帮帮主。
江湖是妳
温柔了十方春冬
埋没所有深情
二次元学森
南斋孤云
给脸别傲
足够惹人迷
迟醉
∫余生没有北方
惹旧人
不买账の冷моヽ
声音都冷了
折花载酒少年事
岁月寄歌
旧顾戈
绑架你的声音
ια面店の老先生
俗了风
御剑遠行客
喜余
ぺ余生干净分明
美人轻蔑寡人殇！
残傷记憶
瀟灑不迴头
与友热情
ん活宝无人囍
▃▂迷人的混蛋
几多癖性
情场初学者
薄喜
威龙丶断魂神狙
浪子罢了
差ㄚi亽陪伴
浩歌待明月
深情迎风散
小公主的大魔王丶卍
≮临行又是吻≯
酷腻
handsome欲
鹿鸢
满山ぐ星光垂
光环刀客
友欢
山人契
三更伥鬼
得失冥冥中
空无一友
剑歌踏天下
帝王朝天笑
编织感性
海岛情话
演獨角戏
望喜
挥剑战天地
ー天到黑像疯子
眉目如画
伴与风
苦闷丢进酒杯
信裏听风声
给我呻吟吗
古城小巷红尘客
⑺喜先生
我俗
壆人喜悲
９十年代的绅士
十公里的艳遇
羁客
一骑当十千
天生意义
过渡客
厌味
孤酒对饮
;成长中的男神
酷味很正У
吃人肉嘛
油﹌漆店里の老情亼
板寸貝斯手
独抱浓愁
薄荷少年微微凉
冷场怪物
爱到终身奉献
星糸少年
葬着┾野心
旧梦怎追
王囚
.ー页风雲散
殺敵立大ェㄌ
择沓
一眼就沉溺
醒掌铩人权
戈亓
共江湖同醉
旧竹
提笔废江山
詩亽與苩日夢
空宴
欢烬
深抱怀中人
多情客串
给我ō申吟吗？
峥嵘岁月长
留胡渣的硬汉
鐘意無拘無束.
念荒寒
烈酒诱鹿
离旧人。
情場作弊
冰川英雄的快乐
野ㄨ味道の峩
ぉ冷眼看狗装
25hours
少年与猫喵
英雄累了
澉约
南山相送
晚風傳吣倳
情衷伊人
尸骨磨成戰刀
征棹
鱼雁音书
「像迯跑の賊」
将长风做刃
岁月了然
邮友
〣.我没有一百分
满身情歌味
鹿眼少男
当了一世王
独语
當作善良
欲拥i
这是个男神
提酒:買花o∠※
昨迟人
肉体自杀
ll覀o覀ll
满目山河
沽酒待人歸
◇﹏妄想者βмeι痕迹
迷人三句诗
感情流浪汉
里赴
蒗漫無處消磨
会傲
じ紋身☆朿リ在忄臟
雾远邀青树
北游鱼
ζ.老者与歌
橘裏〓路亽
一醉自救
青朷
最帥枕邊人
惆怅人间几场梦
轻拂两袖风尘
雪亱dě白狐
九八野馬
独揽帅氕
各空
风吹随他去
一丨格调丶左
枕上诗书闲
ー個亽の江湖
咊風處
好生俊俏
临风纵欢
昇り龍
￡殘殺者
榆西
隻恋ミ生杀
策马横枪啸八荒
;腥風持枪者-┈→
稻﹋城
★·°我是王者我怕誰
城市冇丶臟メ
填满欲望
悠闲的人从没心事
男神综合征
醉酒鞭名马
狂风般洒脱
话孤
剑鎮山河
苍阶
里予
倾酏
清川带长薄
遐迩
自认与酒同醉
屁股<撞>屁股
`爱可平山河
ㄞロ斯啞浪zι
长空夕醉
超能灬ナ帅哥
鲸鱼安慰了大海
诗里寻
骑猪Δ追太阳
揽风挽你
像极る野狗。
战场辉煌如帝王
倣縱命運
渔阳
老酒￡续老友
乙白
久伴情更长
荒途孤影
宠臣
温酒醉人
听茶
明凈日亱
池鱼
慢性偏执小怪人
我与你白首相礼
傲血狂沙
简单也极端
做⑴個無用廴亻
梦远无从寄
猎杀者的温柔+:)
除了我全世界都是猪
旧谈
头牌浪徒
风雨等归期
后来烂人醉
遥遥無遠汸
久戦 ▌帝王
辞别
空山梦
旧人揪心
七分绅士范er
Rude Boy
南忆
最帅的坏蛋
鬧够の錶γαη‰
卐逝去&夜的星空卐
來去皆江湖
偶亦
帝王局
战前黎明
出售灵魂
酒蚀离心人
愿再可、輕抚妳
乱丗殺手
血の狂暴者╋══→
喜尒想…犯zμì
打野的高级教官
有情怀的落伍者
じ☆浪荡⒈个κù野撩
惰性野先生
散淡样子
且以孤欢
┆寄歌予我┇
拥一生入怀
锈甲叩城墙
刀剑一别
颜值+已到最强王者
森树白云
雾敛
去讲心中理想
々且作笑んμао斤
爱与虚妄
靈魂风尖上
野气称王
(:怪異訓мαδλ
昭浅
温壶苦酒
戕杀的过去
随浪潮
懵圈儿
风和闻马嘶
书煮日月
晕白
☆じ兴趣┆酒友┆
宠臣
改冩自己ζ
亽閒寎因
午言
萬裏の晴空
他却无意再说
慢性毒瘾
山川情诗
命轴
最好有梦想
讨喜冤家
要走别再回头
笑脸带眼红
感情待我如此薄
秀不羁
想暧昧却动了心
亻被判◤孤身◢
情授
逃课君
偏爱孤身
立正小伙啪啪操
々夨吢者щц畏
野酷士
浪:漫:野:人
大叔的仙女棒
天降幽鬼シ←
满目逢秋
好怪
啪啪啪能量
撒渔网旅人
酒岁
┢封刀战魔┦
无意流浪
『念情』怀旧人
{永９傳話亽}
白衬藏了阳光
怒神メ为红颜
何拆
V_V
把权天下
┄┈┉9┅┄┈
电竞╬野鬼
久獨則菰
靣具丅の惡意⑽
起笔又添愁
孤望
贩梦货郎
愚季
你与氧共存
尽撩少女心
傲藐者
刃上热血
饮酎
Lick：me
掀起流海做型男
天授唱诗人
ㄝ孑友３５
折奉
{爱到痴惘}
红衣少年无踪迹
欢爱ΘIII过程
｛未曾㊣糹坙｝
抧是個ɡαη潞亽
旧座位没有她
私藏温柔
未几
⊙面具的冷笑
老锗與謌
Giant+
羁拥
余生浪子。
风月倦怠
╫*╫点火╫*╫
瘾然
挽吟袖
停尸房艳遇
----黑校----
亡鸦
暮色重山
慾上九天
蔚落
拿稳自己再说话
过分钟情
┌_撹合性友
亽閒跌撞一場
一朝山水一朝臣
叩首称王
不過几眼ヽ
风流意气都作罢
酒醒梦断
强势废物
寄ɡеㄨ魭笑话
归于瘾
清淮
敵场称丬王
活在风浪里
掩灼
全村娘们’的指望。
黑界祖宗
袖间
岁月成沧海
孤傲灬流年
任半生嚣狂
寒洲
「撩亻臸罙情」
莂懼丗俗
酒事
其实我情陷你
、°呓γυ尐年
偃师
浴血擎刀
兵马作笑谈
斗魂如焚
酒瘾酷性
帝奴仙
特约ら演员
咽渡
钢珡家の键盤手
浮尸路亽
坚持下去便成王
笑臉↘逢迎
撩ηι濕ο勿の
獨我壹亽
孤心匠
余安
王与冠
赐你一脸生命
五品带砖侍卫
志在飞翔
拿酒与你说心事
吾性傲以野
噩梦占卜师
烟雨洛神
剑下孤魂
攜酒敬軕鬼ベ
莣萳
随性似风
嗨翻你的小菊花
暧昧ヽ持心者＋@
可怜到底
山月不知心底事
十年过客
游荡魔鬼
青衫温文
孤鱼
做你一人的英雄
温人
;浪的像海
災厄の源め
浪帝睥睨
戎马江湖
枭雄战
久瘾则伤
浮夸旧吻
ωеι命名、罪亽
世味
撩妹狂者
我是不是不够萌
狂暴的酷
夙世
余墨残香独自敛
温酒书生
俗野
清酒孤欢
森槿
執慾滿裑
厭世為王
菊花碎大石
者β囨是橏亽ベ
噬夢′辠犯
吃货@未泯￣ ﹌ ￣
地狱邮差
生χιμ的楧雄梦
随性已惯
妄言者
哭乱冢
月倚轻云
壹個煙浪者`
酒奴
喜夏-厌秋
盾破⌒千軍
孤影メ残刀
冷月轻吟
南殷
回忆在搜索
第二眼钟情
尽心独
纵遇
狂傲与共
ミ↗玍鏽の英雄儚
戎马安半生
惯出来的祖宗
轻言细语的弱书生
一身正气结果漏气
撩妹首席指导师
挥刀提笔战群狼
酷到招风
一生酷到底━═
千軍╮萬馬令╭諸矦
征戰撩四汸
最难是放
风带走故事也带走你
行云流浪
磕炮狂魔
忘川里的恶鬼
┇丆喜友亽┆
我的五杀你抢不了￥
酷到没出路
余生愛浪
烈性痞子
笙沉
寻欢人
攒一身善良灬ぁ
逢旧人
山川皆无恙
远山只梦里
虎口夺江山
=‵′=惯性＾淡然
听弧
欲望像匹野马
萌比小欧巴
清素笔调
撩艳鬼
绅士告别
虎瘦雄心在
孤獨╃臆想癥
冷热情
風雨ㄩ英雄
帅衬己心
饮醉情
不哭不闹失心人
暗血剑客
-<-剑荡パ荒ゞ
讓迴憶失憶
清白小生
何以清尘
竹祭
习之孤往
散不尽过往
鲜血当酱料
孤央
ぐ垂死の刂舞
催情叔叔
菊花般的笑容
爱人如猫
沽酒问卿
怀拥你
;年⒊岁
酷也孤独
痛言
(@~旅途╄醫生
天边シ深海
☆’浪亽dц白
浊酒倾觞
慵吋
毕竟我不善良
狼噬夜メ魇
★`關于今昔
﹀╯御风踏血
結尾无我
青山独归远
渡你暖光
长绊途
温柔將領
帅丿朔月
擎天、傲神
御风踏歃血
清风瘦马
痞味见底
酒貧斷腸氺
蔑王侯
熱鬧獨處
断渊
┇爱到最后是恩情┇
一身懵逼正气
孤↘独の密мα
江船夜雨听笛
㈠頁风雲sαη
容我做个垃圾
衬旅,
意味
听说网名长的人都特别帅。
ミー身王八气▔,▔
情话う难撩
风送渔人到岸
骐骥侍英雄
超能-ADC
献身给我吗
密════室
用尽各种姿势
袖手天下睨苍生
七月名孤单
别掩
馭電追風雨
夏末秋凉人心空
荒漠野战TSG
爆≮菊高≮手
扌曳⊙●
风息雾散
假性子
;冲我勼该死
战犯心上人
俊美无俦
及巳
冷心为帝
C-arnalism
···狂浪···
劣性｛玩家｝
深吻至喉
阑森
≒像迯跑の賊
少女身体发育检察官
抱起来怼
「温柔只给意中人」
最寳貝妳
嗜血殇无痕
苍麓
烂人不该拥有爱人
森柠i
@３醉酒灬真話□
Drag∷Racing
音轨High爆+:)
ゅ心碎的像街上的紙屑
策马路
意迟
栀阝先生の樹與梦
远方小镇她在等我
巅峰小学生
因为太帅被罚5块
戰場→厭丗亽
ゆ︷仅似老友
三秒拥
浅色夏末
拂绿青衫ㄟo
牵鹿旅人
良泯
喜欢的人总是万般好
水问鱼踪
长眠深海的鱼人↓ぐ
暗世メ铁骑
虔誠-看芲亽
把记忆暖成咖啡＋Ο
ιǚ哘者の青色滄桑丬
梦醒不如初
简柠
＊`深湖觅鲸
野得想征服你
森归湖遇鹿
傲斗メ凌天
献世礼
Φ*霧里淸θ析的歸τμ
白发悲花落
安稳戲骨
撩瘾
嗝是迷路的屁
倒转流年为了你
痛苦给予力量
★`冷暴ㄌ℃αо控者
狼斩
踏过ベ荒骨+Δ
伤感是爱的遗产
皆非
‵′笑性别够野。
活有余罪
【触碰处女壁】
撩妹特工
变ταì飞Ｏ勿狂ゆ
料峭春风吹酒醒
怂欲
蛮缠
揪你小辫儿
cαō性闖兲涯~↘
兮徒
岁月︷如隐疾ノ0`
信亽遠郵
σ清澈的纯粹
∫.τ只撩干净人
嗑炮导師
浮说
⌒囚鱼不知海蓝
枪蹦狗友
惡趣味販賣機~[]
爱到肾虚才精彩
○本⒐多情亻
浪三年
雾隐青山林
╱→癫狂гцㄖ乍
刀藏月光锋
昏黄中对视ら
R闪是男人的浪漫
兂戲配jīαо√
熟友
﹌傲似。表情帝╯▽╰
萌萌的你爹
A刊潮男
孤独陪葬我
纵容所有你
喃语
◇﹏往事携冷风
从沉溺中结疤
高冷怪
故人何必念情
大鱼塘总裁
酷炫老祖宗
∴冭κμ拒拜託
少话妖
飼貓亽
yц樂家·°★
热情像沸氺
梦里山川
厌遇*
话尐也爱
东淫西荡南骚北浪
逗比排排北边站
不要挡在皇帝面前
斧头在手，只欠猎物
执手共存亡
渾身腐男ωεI<‰
撩情只剩一身傲
Σ青sё尐年最罙情′○
温煦
’繁曐尐年不ɡμ單
歌尽友人散
調戲與撩
硬磕╱°
ㄨ谈丆拢⒐搞
晚点在动心
郁彼北林
翻譯の王×╬
⌒撩妹能ヵ者
插玗腿间深淵
孤友四九
颜君
使劲帅o3o
怣狂
王者非凡
北方爱人
粗喘娇吟
Rnsh-逆神
┘┌×我的眼里只有野
Д灬不高冷易勾搭
白马囚
屿风
浪菊怪哟
⑷季ɡμ立。
知期
一生滥情却也次次真心
歌散`酒初醒
像風愛自由.ら
┈怪人叔叔┉
戒不掉的小残忍
风华三生
瞳海
挽手归家
夏蝉°
縱马獨歸
luck one
邶风
清茶独尝
墓北
О┦酷到┊极端
┣Ч惡犬のταο索
身控
°ˋ能扛⒐另リ支声
一世伏羲
初逗比浑身都是正能量！
委屈退让の厎綫筅生ミ↗
以喃°
败棋于你
傲视狂杀
一剑飙血
了斷個榦凈
刀恋孤光
シ`被寂寞笑话
温戾
菊攻大王
哭树的鲸鱼
肆心
︴心事死在風裏
厝柩
人酒师
七色·°雾霾
拥散
举酒练胃
可爱污女的萌大叔
眠医
孤独比夜還長
瘾孤
权痞
汗味满满不敢靠近
脸滚键盘抬头懵
要有梦想-即使遥远
白满川
稳掌三界权
沾гαη╂惡`
口感像黄昏﹄样の酒▂◇
∴+烂始ヽ善终ご
害你笑
归栀
︴`比妳酷乜比妳孤dμ
趁醉独饮痛
邀清风
不慕长生
作业真是个磨人的小妖精
杀气敛于袖
满身罪行
阔野
詩亽之洫
#×起風の岔ロ
崆野
紳士尋歡
暮寒
‵Oˊ無汙丆够歡
萝莉捕杀者~★
都市╬杀戮狂
(p_q)+(p_q)
冰枷
さ感性zцι亽
你的野区我养猪Ю
小石头人的Duang
帅哥哥的热头脑
南猫θ记
顽活
酒温浪人
我の血液ιΙ住着風ノ`*
亽生無樂又無趣
帅哥的立軆纹身
爱你爱的像狗
○;好莱污影帝
孤酒怪友
几番春暮
含笑拥刀锋
℉О蓝莓味の小対象⌒
夏栖
久伴亦久别
低城
BIG MAN
耍弄
袖口帶風の尓→さ
耍大牌的小头目
饮下年华
孤傲一世的神
贪得
閁电flicker
主宰稳场
上头条的1个zombie
王的第1001个梦
鬼畜大魔王
亲吻你的倔强小嘴
风尘浊酒醉无忧
`θzι仓徨灬
写荣
允赴
宇宙第一帅胚
色气男主播
别闹~我蛋疼
亡影
负荷街道﹌/@
晚风邮
祈欢
▽~娶个野猫ˋ
欢情薄
℉ㄨ光行恠ωμ
情斩封刀人
爱你多荣幸
浪九
妄比
小伊泽的探险梦
告别罪゜
放荡低吼
体烫
核能气质少年
+～饮了孤荣_
帅酷又会撩
看透屠杀ヽ︻
混世吉他手
心丶半坠半落
娶你江山为聘
浪战
船渡人
茶凉酒寒
視覺潔癖者
不闻网络事
套蕗導師
夏风不燥
￡ヽ榮光終入土
鹿君
ㄣ抚剑听風∝╬══→
会R闪的浪漫哥哥
护你余生无忧
浪世
-—═┳╬暗杀突击者
☆─丢掉年少的慌
迷亾体位
会笑才不是傻冒
σ邂逅丶细节剧透师′#
︹×浪推晚风
冇伈щυ路`
半生輕狂客
︴過ホ乔の寒風ㄟ~
怪痞
嘴巴养青苔
我酷所以撩妹
